<?xml version="1.0" encoding="UTF-8"?>
<coverage generated="1687078432624" clover="3.2.0">
  <project timestamp="1687078432624" name="All files">
    <metrics statements="3" coveredstatements="3" conditionals="5" coveredconditionals="5" methods="3" coveredmethods="3" elements="11" coveredelements="11" complexity="0" loc="3" ncloc="3" packages="1" files="1" classes="1"/>
    <file name="calculate.ts" path="/Users/ak1103dev/Public/react-tdd/src/helpers/calculate.ts">
      <metrics statements="3" coveredstatements="3" conditionals="5" coveredconditionals="5" methods="3" coveredmethods="3"/>
      <line num="1" count="1" type="cond" truecount="1" falsecount="0"/>
      <line num="2" count="1" type="cond" truecount="1" falsecount="0"/>
      <line num="3" count="1" type="cond" truecount="3" falsecount="0"/>
    </file>
  </project>
</coverage>
