{"/Users/ak1103dev/Public/react-tdd/src/helpers/calculate.ts": {"path":"/Users/ak1103dev/Public/react-tdd/src/helpers/calculate.ts","all":false,"statementMap":{"0":{"start":{"line":1,"column":0},"end":{"line":1,"column":58}},"1":{"start":{"line":2,"column":0},"end":{"line":2,"column":58}},"2":{"start":{"line":3,"column":0},"end":{"line":3,"column":72}}},"s":{"0":1,"1":1,"2":1},"branchMap":{"0":{"type":"branch","line":1,"loc":{"start":{"line":1,"column":19},"end":{"line":1,"column":58}},"locations":[{"start":{"line":1,"column":19},"end":{"line":1,"column":58}}]},"1":{"type":"branch","line":2,"loc":{"start":{"line":2,"column":19},"end":{"line":2,"column":58}},"locations":[{"start":{"line":2,"column":19},"end":{"line":2,"column":58}}]},"2":{"type":"branch","line":3,"loc":{"start":{"line":3,"column":20},"end":{"line":3,"column":72}},"locations":[{"start":{"line":3,"column":20},"end":{"line":3,"column":72}}]},"3":{"type":"branch","line":3,"loc":{"start":{"line":3,"column":49},"end":{"line":3,"column":57}},"locations":[{"start":{"line":3,"column":49},"end":{"line":3,"column":57}}]},"4":{"type":"branch","line":3,"loc":{"start":{"line":3,"column":53},"end":{"line":3,"column":72}},"locations":[{"start":{"line":3,"column":53},"end":{"line":3,"column":72}}]}},"b":{"0":[1],"1":[1],"2":[6],"3":[2],"4":[4]},"fnMap":{"0":{"name":"add","decl":{"start":{"line":1,"column":19},"end":{"line":1,"column":58}},"loc":{"start":{"line":1,"column":19},"end":{"line":1,"column":58}},"line":1},"1":{"name":"mul","decl":{"start":{"line":2,"column":19},"end":{"line":2,"column":58}},"loc":{"start":{"line":2,"column":19},"end":{"line":2,"column":58}},"line":2},"2":{"name":"fact","decl":{"start":{"line":3,"column":20},"end":{"line":3,"column":72}},"loc":{"start":{"line":3,"column":20},"end":{"line":3,"column":72}},"line":3}},"f":{"0":1,"1":1,"2":6}}
}
